<?xml version="1.0" encoding="UTF-8"?>
<coverage generated="1623829794996" clover="3.2.0">
  <project timestamp="1623829794996" name="All files">
    <metrics statements="11" coveredstatements="11" conditionals="2" coveredconditionals="1" methods="6" coveredmethods="6" elements="19" coveredelements="18" complexity="0" loc="11" ncloc="11" packages="1" files="2" classes="2"/>
    <file name="Headers.js" path="/Users/cuixiaorui/Code/toy-browser/server/Headers.js">
      <metrics statements="7" coveredstatements="7" conditionals="2" coveredconditionals="1" methods="4" coveredmethods="4"/>
      <line num="1" count="2" type="stmt"/>
      <line num="3" count="4" type="stmt"/>
      <line num="7" count="4" type="stmt"/>
      <line num="9" count="4" type="cond" truecount="1" falsecount="1"/>
      <line num="10" count="4" type="stmt"/>
      <line num="14" count="4" type="stmt"/>
      <line num="18" count="7" type="stmt"/>
    </file>
    <file name="Request.js" path="/Users/cuixiaorui/Code/toy-browser/server/Request.js">
      <metrics statements="4" coveredstatements="4" conditionals="0" coveredconditionals="0" methods="2" coveredmethods="2"/>
      <line num="1" count="1" type="stmt"/>
      <line num="3" count="1" type="stmt"/>
      <line num="7" count="1" type="stmt"/>
      <line num="8" count="1" type="stmt"/>
    </file>
  </project>
</coverage>
