<?xml version="1.0" encoding="UTF-8"?>
<coverage generated="1624002372162" clover="3.2.0">
  <project timestamp="1624002372162" name="All files">
    <metrics statements="77" coveredstatements="73" conditionals="22" coveredconditionals="17" methods="20" coveredmethods="18" elements="119" coveredelements="108" complexity="0" loc="77" ncloc="77" packages="1" files="4" classes="4"/>
    <file name="Headers.js" path="/Users/cuixiaorui/Code/toy-browser/src/Headers.js">
      <metrics statements="8" coveredstatements="8" conditionals="2" coveredconditionals="1" methods="4" coveredmethods="4"/>
      <line num="1" count="2" type="stmt"/>
      <line num="3" count="4" type="stmt"/>
      <line num="7" count="4" type="stmt"/>
      <line num="8" count="4" type="stmt"/>
      <line num="10" count="4" type="cond" truecount="1" falsecount="1"/>
      <line num="11" count="4" type="stmt"/>
      <line num="16" count="4" type="stmt"/>
      <line num="21" count="5" type="stmt"/>
    </file>
    <file name="Request.js" path="/Users/cuixiaorui/Code/toy-browser/src/Request.js">
      <metrics statements="11" coveredstatements="11" conditionals="0" coveredconditionals="0" methods="4" coveredmethods="4"/>
      <line num="1" count="1" type="stmt"/>
      <line num="3" count="1" type="stmt"/>
      <line num="5" count="1" type="stmt"/>
      <line num="9" count="1" type="stmt"/>
      <line num="10" count="1" type="stmt"/>
      <line num="18" count="1" type="stmt"/>
      <line num="20" count="1" type="stmt"/>
      <line num="21" count="2" type="stmt"/>
      <line num="22" count="2" type="stmt"/>
      <line num="23" count="2" type="stmt"/>
      <line num="26" count="1" type="stmt"/>
    </file>
    <file name="parseResponse.js" path="/Users/cuixiaorui/Code/toy-browser/src/parseResponse.js">
      <metrics statements="30" coveredstatements="28" conditionals="10" coveredconditionals="8" methods="7" coveredmethods="6"/>
      <line num="1" count="1" type="stmt"/>
      <line num="2" count="2" type="stmt"/>
      <line num="3" count="2" type="stmt"/>
      <line num="4" count="2" type="stmt"/>
      <line num="7" count="210" type="stmt"/>
      <line num="8" count="210" type="stmt"/>
      <line num="9" count="210" type="cond" truecount="2" falsecount="0"/>
      <line num="10" count="8" type="stmt"/>
      <line num="13" count="202" type="stmt"/>
      <line num="17" count="8" type="stmt"/>
      <line num="18" count="8" type="stmt"/>
      <line num="19" count="8" type="cond" truecount="1" falsecount="1"/>
      <line num="20" count="8" type="stmt"/>
      <line num="23" count="0" type="stmt"/>
      <line num="27" count="0" type="stmt"/>
      <line num="30" count="2" type="stmt"/>
      <line num="33" count="3" type="stmt"/>
      <line num="37" count="4" type="stmt"/>
      <line num="38" count="218" type="stmt"/>
      <line num="39" count="218" type="stmt"/>
      <line num="40" count="218" type="stmt"/>
      <line num="42" count="218" type="cond" truecount="2" falsecount="0"/>
      <line num="43" count="8" type="stmt"/>
      <line num="44" count="8" type="cond" truecount="1" falsecount="1"/>
      <line num="45" count="8" type="stmt"/>
      <line num="46" count="8" type="stmt"/>
      <line num="50" count="8" type="stmt"/>
      <line num="56" count="2" type="cond" truecount="2" falsecount="0"/>
      <line num="57" count="2" type="stmt"/>
      <line num="60" count="2" type="stmt"/>
    </file>
    <file name="stateMachine.js" path="/Users/cuixiaorui/Code/toy-browser/src/stateMachine.js">
      <metrics statements="28" coveredstatements="26" conditionals="10" coveredconditionals="8" methods="5" coveredmethods="4"/>
      <line num="2" count="1" type="stmt"/>
      <line num="3" count="1" type="stmt"/>
      <line num="4" count="1" type="stmt"/>
      <line num="5" count="1" type="stmt"/>
      <line num="6" count="1" type="stmt"/>
      <line num="9" count="10" type="stmt"/>
      <line num="10" count="10" type="stmt"/>
      <line num="11" count="10" type="cond" truecount="2" falsecount="0"/>
      <line num="13" count="5" type="stmt"/>
      <line num="16" count="5" type="stmt"/>
      <line num="20" count="5" type="stmt"/>
      <line num="21" count="5" type="cond" truecount="2" falsecount="0"/>
      <line num="24" count="2" type="stmt"/>
      <line num="28" count="3" type="stmt"/>
      <line num="31" count="2" type="stmt"/>
      <line num="32" count="2" type="stmt"/>
      <line num="34" count="2" type="cond" truecount="2" falsecount="2"/>
      <line num="35" count="2" type="stmt"/>
      <line num="39" count="0" type="stmt"/>
      <line num="43" count="0" type="stmt"/>
      <line num="46" count="1" type="stmt"/>
      <line num="47" count="1" type="stmt"/>
      <line num="48" count="17" type="stmt"/>
      <line num="49" count="17" type="stmt"/>
      <line num="51" count="17" type="cond" truecount="2" falsecount="0"/>
      <line num="52" count="2" type="stmt"/>
      <line num="58" count="2" type="stmt"/>
      <line num="71" count="1" type="stmt"/>
    </file>
  </project>
</coverage>
