{"/Users/cuixiaorui/Code/toy-browser/src/Headers.js": {"path":"/Users/cuixiaorui/Code/toy-browser/src/Headers.js","statementMap":{"0":{"start":{"line":1,"column":0},"end":{"line":23,"column":2}},"1":{"start":{"line":3,"column":4},"end":{"line":3,"column":18}},"2":{"start":{"line":7,"column":17},"end":{"line":7,"column":38}},"3":{"start":{"line":8,"column":4},"end":{"line":8,"column":25}},"4":{"start":{"line":10,"column":4},"end":{"line":12,"column":5}},"5":{"start":{"line":11,"column":6},"end":{"line":11,"column":65}},"6":{"start":{"line":16,"column":4},"end":{"line":16,"column":43}},"7":{"start":{"line":21,"column":4},"end":{"line":21,"column":40}}},"fnMap":{"0":{"name":"(anonymous_0)","decl":{"start":{"line":2,"column":2},"end":{"line":2,"column":3}},"loc":{"start":{"line":2,"column":16},"end":{"line":4,"column":3}},"line":2},"1":{"name":"(anonymous_1)","decl":{"start":{"line":6,"column":2},"end":{"line":6,"column":3}},"loc":{"start":{"line":6,"column":23},"end":{"line":13,"column":3}},"line":6},"2":{"name":"(anonymous_2)","decl":{"start":{"line":15,"column":2},"end":{"line":15,"column":3}},"loc":{"start":{"line":15,"column":27},"end":{"line":17,"column":3}},"line":15},"3":{"name":"(anonymous_3)","decl":{"start":{"line":20,"column":2},"end":{"line":20,"column":3}},"loc":{"start":{"line":20,"column":12},"end":{"line":22,"column":3}},"line":20}},"branchMap":{"0":{"loc":{"start":{"line":10,"column":4},"end":{"line":12,"column":5}},"type":"if","locations":[{"start":{"line":10,"column":4},"end":{"line":12,"column":5}},{"start":{"line":10,"column":4},"end":{"line":12,"column":5}}],"line":10}},"s":{"0":2,"1":4,"2":4,"3":4,"4":4,"5":4,"6":4,"7":5},"f":{"0":4,"1":4,"2":4,"3":5},"b":{"0":[4,0]},"_coverageSchema":"1a1c01bbd47fc00a2c39e90264f33305004495a9","hash":"506c2db5f9193e66b96e3b6bbae49dfd04d028ba"}
,"/Users/cuixiaorui/Code/toy-browser/src/Request.js": {"path":"/Users/cuixiaorui/Code/toy-browser/src/Request.js","statementMap":{"0":{"start":{"line":1,"column":21},"end":{"line":1,"column":31}},"1":{"start":{"line":3,"column":0},"end":{"line":28,"column":2}},"2":{"start":{"line":5,"column":4},"end":{"line":5,"column":27}},"3":{"start":{"line":9,"column":35},"end":{"line":9,"column":47}},"4":{"start":{"line":10,"column":4},"end":{"line":14,"column":14}},"5":{"start":{"line":18,"column":24},"end":{"line":18,"column":36}},"6":{"start":{"line":20,"column":19},"end":{"line":24,"column":10}},"7":{"start":{"line":21,"column":18},"end":{"line":21,"column":34}},"8":{"start":{"line":22,"column":6},"end":{"line":22,"column":38}},"9":{"start":{"line":23,"column":6},"end":{"line":23,"column":21}},"10":{"start":{"line":26,"column":4},"end":{"line":26,"column":31}}},"fnMap":{"0":{"name":"(anonymous_0)","decl":{"start":{"line":4,"column":2},"end":{"line":4,"column":3}},"loc":{"start":{"line":4,"column":23},"end":{"line":6,"column":3}},"line":4},"1":{"name":"(anonymous_1)","decl":{"start":{"line":8,"column":2},"end":{"line":8,"column":3}},"loc":{"start":{"line":8,"column":13},"end":{"line":15,"column":3}},"line":8},"2":{"name":"(anonymous_2)","decl":{"start":{"line":17,"column":2},"end":{"line":17,"column":3}},"loc":{"start":{"line":17,"column":22},"end":{"line":27,"column":3}},"line":17},"3":{"name":"(anonymous_3)","decl":{"start":{"line":20,"column":51},"end":{"line":20,"column":52}},"loc":{"start":{"line":20,"column":69},"end":{"line":24,"column":5}},"line":20}},"branchMap":{},"s":{"0":1,"1":1,"2":1,"3":1,"4":1,"5":1,"6":1,"7":2,"8":2,"9":2,"10":1},"f":{"0":1,"1":1,"2":1,"3":2},"b":{},"_coverageSchema":"1a1c01bbd47fc00a2c39e90264f33305004495a9","hash":"f01bc92045187933ae42503f7dcdab42bb8eed62"}
,"/Users/cuixiaorui/Code/toy-browser/src/parseResponse.js": {"path":"/Users/cuixiaorui/Code/toy-browser/src/parseResponse.js","statementMap":{"0":{"start":{"line":1,"column":0},"end":{"line":64,"column":2}},"1":{"start":{"line":2,"column":15},"end":{"line":2,"column":17}},"2":{"start":{"line":3,"column":10},"end":{"line":3,"column":11}},"3":{"start":{"line":4,"column":13},"end":{"line":4,"column":15}},"4":{"start":{"line":7,"column":4},"end":{"line":7,"column":19}},"5":{"start":{"line":8,"column":4},"end":{"line":8,"column":8}},"6":{"start":{"line":9,"column":4},"end":{"line":11,"column":5}},"7":{"start":{"line":10,"column":6},"end":{"line":10,"column":22}},"8":{"start":{"line":13,"column":4},"end":{"line":13,"column":20}},"9":{"start":{"line":17,"column":4},"end":{"line":17,"column":17}},"10":{"start":{"line":18,"column":4},"end":{"line":18,"column":8}},"11":{"start":{"line":19,"column":4},"end":{"line":21,"column":5}},"12":{"start":{"line":20,"column":6},"end":{"line":20,"column":17}},"13":{"start":{"line":23,"column":4},"end":{"line":23,"column":20}},"14":{"start":{"line":27,"column":4},"end":{"line":27,"column":15}},"15":{"start":{"line":30,"column":21},"end":{"line":30,"column":29}},"16":{"start":{"line":33,"column":4},"end":{"line":33,"column":19}},"17":{"start":{"line":37,"column":4},"end":{"line":52,"column":5}},"18":{"start":{"line":38,"column":6},"end":{"line":38,"column":16}},"19":{"start":{"line":39,"column":22},"end":{"line":39,"column":37}},"20":{"start":{"line":40,"column":6},"end":{"line":40,"column":31}},"21":{"start":{"line":42,"column":6},"end":{"line":51,"column":7}},"22":{"start":{"line":43,"column":20},"end":{"line":43,"column":43}},"23":{"start":{"line":44,"column":8},"end":{"line":47,"column":9}},"24":{"start":{"line":45,"column":10},"end":{"line":45,"column":27}},"25":{"start":{"line":46,"column":10},"end":{"line":46,"column":20}},"26":{"start":{"line":50,"column":8},"end":{"line":50,"column":32}},"27":{"start":{"line":56,"column":4},"end":{"line":56,"column":29}},"28":{"start":{"line":56,"column":14},"end":{"line":56,"column":29}},"29":{"start":{"line":57,"column":4},"end":{"line":57,"column":18}},"30":{"start":{"line":60,"column":2},"end":{"line":63,"column":4}}},"fnMap":{"0":{"name":"(anonymous_0)","decl":{"start":{"line":1,"column":17},"end":{"line":1,"column":18}},"loc":{"start":{"line":1,"column":23},"end":{"line":64,"column":1}},"line":1},"1":{"name":"waitForR","decl":{"start":{"line":6,"column":11},"end":{"line":6,"column":19}},"loc":{"start":{"line":6,"column":23},"end":{"line":14,"column":3}},"line":6},"2":{"name":"waitForN","decl":{"start":{"line":16,"column":11},"end":{"line":16,"column":19}},"loc":{"start":{"line":16,"column":23},"end":{"line":24,"column":3}},"line":16},"3":{"name":"end","decl":{"start":{"line":26,"column":11},"end":{"line":26,"column":14}},"loc":{"start":{"line":26,"column":17},"end":{"line":28,"column":3}},"line":26},"4":{"name":"receive","decl":{"start":{"line":32,"column":11},"end":{"line":32,"column":18}},"loc":{"start":{"line":32,"column":25},"end":{"line":34,"column":3}},"line":32},"5":{"name":"_receive","decl":{"start":{"line":36,"column":11},"end":{"line":36,"column":19}},"loc":{"start":{"line":36,"column":26},"end":{"line":53,"column":3}},"line":36},"6":{"name":"finish","decl":{"start":{"line":55,"column":11},"end":{"line":55,"column":17}},"loc":{"start":{"line":55,"column":24},"end":{"line":58,"column":3}},"line":55}},"branchMap":{"0":{"loc":{"start":{"line":9,"column":4},"end":{"line":11,"column":5}},"type":"if","locations":[{"start":{"line":9,"column":4},"end":{"line":11,"column":5}},{"start":{"line":9,"column":4},"end":{"line":11,"column":5}}],"line":9},"1":{"loc":{"start":{"line":19,"column":4},"end":{"line":21,"column":5}},"type":"if","locations":[{"start":{"line":19,"column":4},"end":{"line":21,"column":5}},{"start":{"line":19,"column":4},"end":{"line":21,"column":5}}],"line":19},"2":{"loc":{"start":{"line":42,"column":6},"end":{"line":51,"column":7}},"type":"if","locations":[{"start":{"line":42,"column":6},"end":{"line":51,"column":7}},{"start":{"line":42,"column":6},"end":{"line":51,"column":7}}],"line":42},"3":{"loc":{"start":{"line":44,"column":8},"end":{"line":47,"column":9}},"type":"if","locations":[{"start":{"line":44,"column":8},"end":{"line":47,"column":9}},{"start":{"line":44,"column":8},"end":{"line":47,"column":9}}],"line":44},"4":{"loc":{"start":{"line":56,"column":4},"end":{"line":56,"column":29}},"type":"if","locations":[{"start":{"line":56,"column":4},"end":{"line":56,"column":29}},{"start":{"line":56,"column":4},"end":{"line":56,"column":29}}],"line":56}},"s":{"0":1,"1":2,"2":2,"3":2,"4":210,"5":210,"6":210,"7":8,"8":202,"9":8,"10":8,"11":8,"12":8,"13":0,"14":0,"15":2,"16":3,"17":4,"18":218,"19":218,"20":218,"21":218,"22":8,"23":8,"24":8,"25":8,"26":8,"27":2,"28":1,"29":2,"30":2},"f":{"0":2,"1":210,"2":8,"3":0,"4":3,"5":4,"6":2},"b":{"0":[8,202],"1":[8,0],"2":[8,210],"3":[8,0],"4":[1,1]},"_coverageSchema":"1a1c01bbd47fc00a2c39e90264f33305004495a9","hash":"978a5a700eab3371d5954f368a362ea754a0fa2e"}
,"/Users/cuixiaorui/Code/toy-browser/src/stateMachine.js": {"path":"/Users/cuixiaorui/Code/toy-browser/src/stateMachine.js","statementMap":{"0":{"start":{"line":2,"column":0},"end":{"line":72,"column":2}},"1":{"start":{"line":3,"column":15},"end":{"line":3,"column":17}},"2":{"start":{"line":4,"column":19},"end":{"line":4,"column":20}},"3":{"start":{"line":5,"column":17},"end":{"line":5,"column":18}},"4":{"start":{"line":6,"column":10},"end":{"line":6,"column":11}},"5":{"start":{"line":9,"column":4},"end":{"line":9,"column":19}},"6":{"start":{"line":10,"column":4},"end":{"line":10,"column":8}},"7":{"start":{"line":11,"column":4},"end":{"line":14,"column":5}},"8":{"start":{"line":13,"column":6},"end":{"line":13,"column":22}},"9":{"start":{"line":16,"column":4},"end":{"line":16,"column":20}},"10":{"start":{"line":20,"column":4},"end":{"line":20,"column":8}},"11":{"start":{"line":21,"column":4},"end":{"line":25,"column":5}},"12":{"start":{"line":24,"column":6},"end":{"line":24,"column":25}},"13":{"start":{"line":28,"column":4},"end":{"line":28,"column":20}},"14":{"start":{"line":31,"column":4},"end":{"line":31,"column":17}},"15":{"start":{"line":32,"column":4},"end":{"line":32,"column":8}},"16":{"start":{"line":34,"column":4},"end":{"line":36,"column":5}},"17":{"start":{"line":35,"column":6},"end":{"line":35,"column":17}},"18":{"start":{"line":39,"column":4},"end":{"line":39,"column":20}},"19":{"start":{"line":43,"column":4},"end":{"line":43,"column":15}},"20":{"start":{"line":46,"column":21},"end":{"line":46,"column":29}},"21":{"start":{"line":47,"column":2},"end":{"line":60,"column":3}},"22":{"start":{"line":48,"column":20},"end":{"line":48,"column":35}},"23":{"start":{"line":49,"column":4},"end":{"line":49,"column":29}},"24":{"start":{"line":51,"column":4},"end":{"line":59,"column":5}},"25":{"start":{"line":52,"column":6},"end":{"line":55,"column":9}},"26":{"start":{"line":58,"column":6},"end":{"line":58,"column":30}},"27":{"start":{"line":71,"column":2},"end":{"line":71,"column":16}}},"fnMap":{"0":{"name":"(anonymous_0)","decl":{"start":{"line":2,"column":17},"end":{"line":2,"column":18}},"loc":{"start":{"line":2,"column":29},"end":{"line":72,"column":1}},"line":2},"1":{"name":"waitForA","decl":{"start":{"line":8,"column":11},"end":{"line":8,"column":19}},"loc":{"start":{"line":8,"column":23},"end":{"line":17,"column":3}},"line":8},"2":{"name":"waitForB","decl":{"start":{"line":19,"column":11},"end":{"line":19,"column":19}},"loc":{"start":{"line":19,"column":23},"end":{"line":29,"column":3}},"line":19},"3":{"name":"waitForCOrD","decl":{"start":{"line":30,"column":11},"end":{"line":30,"column":22}},"loc":{"start":{"line":30,"column":26},"end":{"line":40,"column":3}},"line":30},"4":{"name":"end","decl":{"start":{"line":42,"column":11},"end":{"line":42,"column":14}},"loc":{"start":{"line":42,"column":17},"end":{"line":44,"column":3}},"line":42}},"branchMap":{"0":{"loc":{"start":{"line":11,"column":4},"end":{"line":14,"column":5}},"type":"if","locations":[{"start":{"line":11,"column":4},"end":{"line":14,"column":5}},{"start":{"line":11,"column":4},"end":{"line":14,"column":5}}],"line":11},"1":{"loc":{"start":{"line":21,"column":4},"end":{"line":25,"column":5}},"type":"if","locations":[{"start":{"line":21,"column":4},"end":{"line":25,"column":5}},{"start":{"line":21,"column":4},"end":{"line":25,"column":5}}],"line":21},"2":{"loc":{"start":{"line":34,"column":4},"end":{"line":36,"column":5}},"type":"if","locations":[{"start":{"line":34,"column":4},"end":{"line":36,"column":5}},{"start":{"line":34,"column":4},"end":{"line":36,"column":5}}],"line":34},"3":{"loc":{"start":{"line":34,"column":8},"end":{"line":34,"column":30}},"type":"binary-expr","locations":[{"start":{"line":34,"column":8},"end":{"line":34,"column":17}},{"start":{"line":34,"column":21},"end":{"line":34,"column":30}}],"line":34},"4":{"loc":{"start":{"line":51,"column":4},"end":{"line":59,"column":5}},"type":"if","locations":[{"start":{"line":51,"column":4},"end":{"line":59,"column":5}},{"start":{"line":51,"column":4},"end":{"line":59,"column":5}}],"line":51}},"s":{"0":1,"1":1,"2":1,"3":1,"4":1,"5":10,"6":10,"7":10,"8":5,"9":5,"10":5,"11":5,"12":2,"13":3,"14":2,"15":2,"16":2,"17":2,"18":0,"19":0,"20":1,"21":1,"22":17,"23":17,"24":17,"25":2,"26":2,"27":1},"f":{"0":1,"1":10,"2":5,"3":2,"4":0},"b":{"0":[5,5],"1":[2,3],"2":[2,0],"3":[2,0],"4":[2,15]},"_coverageSchema":"1a1c01bbd47fc00a2c39e90264f33305004495a9","hash":"0274e21b5ca977f847ceee078e4bc2b056d1e4cd"}
}
