TN:
SF:src/Headers.js
FN:2,(anonymous_0)
FN:6,(anonymous_1)
FN:15,(anonymous_2)
FN:20,(anonymous_3)
FNF:4
FNH:4
FNDA:4,(anonymous_0)
FNDA:4,(anonymous_1)
FNDA:4,(anonymous_2)
FNDA:5,(anonymous_3)
DA:1,2
DA:3,4
DA:7,4
DA:8,4
DA:10,4
DA:11,4
DA:16,4
DA:21,5
LF:8
LH:8
BRDA:10,0,0,4
BRDA:10,0,1,0
BRF:2
BRH:1
end_of_record
TN:
SF:src/Request.js
FN:4,(anonymous_0)
FN:8,(anonymous_1)
FN:17,(anonymous_2)
FN:20,(anonymous_3)
FNF:4
FNH:4
FNDA:1,(anonymous_0)
FNDA:1,(anonymous_1)
FNDA:1,(anonymous_2)
FNDA:2,(anonymous_3)
DA:1,1
DA:3,1
DA:5,1
DA:9,1
DA:10,1
DA:18,1
DA:20,1
DA:21,2
DA:22,2
DA:23,2
DA:26,1
LF:11
LH:11
BRF:0
BRH:0
end_of_record
TN:
SF:src/parseResponse.js
FN:1,(anonymous_0)
FN:6,waitForR
FN:16,waitForN
FN:26,end
FN:32,receive
FN:36,_receive
FN:55,finish
FNF:7
FNH:6
FNDA:2,(anonymous_0)
FNDA:210,waitForR
FNDA:8,waitForN
FNDA:0,end
FNDA:3,receive
FNDA:4,_receive
FNDA:2,finish
DA:1,1
DA:2,2
DA:3,2
DA:4,2
DA:7,210
DA:8,210
DA:9,210
DA:10,8
DA:13,202
DA:17,8
DA:18,8
DA:19,8
DA:20,8
DA:23,0
DA:27,0
DA:30,2
DA:33,3
DA:37,4
DA:38,218
DA:39,218
DA:40,218
DA:42,218
DA:43,8
DA:44,8
DA:45,8
DA:46,8
DA:50,8
DA:56,2
DA:57,2
DA:60,2
LF:30
LH:28
BRDA:9,0,0,8
BRDA:9,0,1,202
BRDA:19,1,0,8
BRDA:19,1,1,0
BRDA:42,2,0,8
BRDA:42,2,1,210
BRDA:44,3,0,8
BRDA:44,3,1,0
BRDA:56,4,0,1
BRDA:56,4,1,1
BRF:10
BRH:8
end_of_record
TN:
SF:src/stateMachine.js
FN:2,(anonymous_0)
FN:8,waitForA
FN:19,waitForB
FN:30,waitForCOrD
FN:42,end
FNF:5
FNH:4
FNDA:1,(anonymous_0)
FNDA:10,waitForA
FNDA:5,waitForB
FNDA:2,waitForCOrD
FNDA:0,end
DA:2,1
DA:3,1
DA:4,1
DA:5,1
DA:6,1
DA:9,10
DA:10,10
DA:11,10
DA:13,5
DA:16,5
DA:20,5
DA:21,5
DA:24,2
DA:28,3
DA:31,2
DA:32,2
DA:34,2
DA:35,2
DA:39,0
DA:43,0
DA:46,1
DA:47,1
DA:48,17
DA:49,17
DA:51,17
DA:52,2
DA:58,2
DA:71,1
LF:28
LH:26
BRDA:11,0,0,5
BRDA:11,0,1,5
BRDA:21,1,0,2
BRDA:21,1,1,3
BRDA:34,2,0,2
BRDA:34,2,1,0
BRDA:34,3,0,2
BRDA:34,3,1,0
BRDA:51,4,0,2
BRDA:51,4,1,15
BRF:10
BRH:8
end_of_record
